<?xml version="1.0" encoding="UTF-8"?>
<c-analysis>
  <header info="cfile" name="cfile" time="2018-06-26 09:46:24.793402"/>
  <cfile name="src/lib-mail/test-message-header-parser">
    <data-structures/>
    <functions>
      <function name="hdr_write">
        <parameters>
          <par name="str" nr="1"/>
          <par name="hdr" nr="2"/>
        </parameters>
        <postconditions>
          <post>
            <math>
              <apply>
                <preserves-all-memory/>
              </apply>
            </math>
          </post>
        </postconditions>
      </function>
      <function name="main">
        <parameters/>
        <postconditions>
          <post>
            <math>
              <apply>
                <preserves-all-memory/>
              </apply>
            </math>
          </post>
        </postconditions>
      </function>
      <function name="test_message_header_parser">
        <parameters/>
        <postconditions>
          <post>
            <math>
              <apply>
                <preserves-all-memory/>
              </apply>
            </math>
          </post>
        </postconditions>
      </function>
      <function name="test_message_header_parser_long_lines">
        <parameters/>
        <postconditions>
          <post>
            <math>
              <apply>
                <preserves-all-memory/>
              </apply>
            </math>
          </post>
        </postconditions>
      </function>
      <function name="test_message_header_parser_long_lines_str">
        <parameters>
          <par name="str" nr="1"/>
          <par name="buffer_size" nr="2"/>
          <par name="size_r" nr="3"/>
        </parameters>
        <postconditions>
          <post>
            <math>
              <apply>
                <preserves-all-memory/>
              </apply>
            </math>
          </post>
        </postconditions>
      </function>
      <function name="test_message_header_parser_one">
        <parameters>
          <par name="parser" nr="1"/>
          <par name="hdr_flags" nr="2"/>
        </parameters>
        <postconditions>
          <post>
            <math>
              <apply>
                <preserves-all-memory/>
              </apply>
            </math>
          </post>
        </postconditions>
      </function>
      <function name="test_message_header_parser_partial">
        <parameters/>
        <postconditions>
          <post>
            <math>
              <apply>
                <preserves-all-memory/>
              </apply>
            </math>
          </post>
        </postconditions>
      </function>
    </functions>
  </cfile>
</c-analysis>
