<?xml version="1.0" encoding="UTF-8"?>
<c-analysis>
  <header info="cfile" name="cfile" time="2018-06-26 09:46:24.712095"/>
  <cfile name="src/lib-mail/test-message-decoder">
    <data-structures/>
    <functions>
      <function name="charset_is_utf8">
        <parameters>
          <par name="charset" nr="1"/>
        </parameters>
        <postconditions>
          <post>
            <math>
              <apply>
                <preserves-all-memory/>
              </apply>
            </math>
          </post>
        </postconditions>
      </function>
      <function name="charset_to_utf8">
        <parameters>
          <par name="t" nr="1"/>
          <par name="src" nr="2"/>
          <par name="src_size" nr="3"/>
          <par name="dest" nr="4"/>
        </parameters>
        <postconditions>
          <post>
            <math>
              <apply>
                <preserves-all-memory/>
              </apply>
            </math>
          </post>
        </postconditions>
      </function>
      <function name="charset_to_utf8_begin">
        <parameters>
          <par name="charset" nr="1"/>
          <par name="flags" nr="2"/>
          <par name="t_r" nr="3"/>
        </parameters>
        <postconditions>
          <post>
            <math>
              <apply>
                <preserves-all-memory/>
              </apply>
            </math>
          </post>
        </postconditions>
      </function>
      <function name="charset_to_utf8_end">
        <parameters>
          <par name="t" nr="1"/>
        </parameters>
        <postconditions>
          <post>
            <math>
              <apply>
                <preserves-all-memory/>
              </apply>
            </math>
          </post>
        </postconditions>
      </function>
      <function name="main">
        <parameters/>
        <postconditions>
          <post>
            <math>
              <apply>
                <preserves-all-memory/>
              </apply>
            </math>
          </post>
        </postconditions>
      </function>
      <function name="message_header_decode_utf8">
        <parameters>
          <par name="data" nr="1"/>
          <par name="size" nr="2"/>
          <par name="dest" nr="3"/>
          <par name="dtcase" nr="4"/>
        </parameters>
        <postconditions>
          <post>
            <math>
              <apply>
                <preserves-all-memory/>
              </apply>
            </math>
          </post>
        </postconditions>
      </function>
      <function name="quoted_printable_decode">
        <parameters>
          <par name="src" nr="1"/>
          <par name="src_size" nr="2"/>
          <par name="src_pos_r" nr="3"/>
          <par name="dest" nr="4"/>
        </parameters>
        <postconditions>
          <post>
            <math>
              <apply>
                <preserves-all-memory/>
              </apply>
            </math>
          </post>
        </postconditions>
      </function>
      <function name="test_message_decoder">
        <parameters/>
        <postconditions>
          <post>
            <math>
              <apply>
                <preserves-all-memory/>
              </apply>
            </math>
          </post>
        </postconditions>
      </function>
    </functions>
  </cfile>
</c-analysis>
