<?xml version="1.0" encoding="UTF-8"?>
<c-analysis>
  <header info="cfile" name="cfile" time="2018-06-11 11:44:08.825831"/>
  <cfile name="t/helper/test-line-buffer">
    <data-structures/>
    <functions>
      <function name="cmd_main">
        <parameters>
          <par name="argc" nr="1"/>
          <par name="argv" nr="2"/>
        </parameters>
        <postconditions>
          <post>
            <math>
              <apply>
                <preserves-all-memory/>
              </apply>
            </math>
          </post>
        </postconditions>
      </function>
      <function name="handle_command">
        <parameters>
          <par name="command" nr="1"/>
          <par name="arg" nr="2"/>
          <par name="buf" nr="3"/>
        </parameters>
        <postconditions>
          <post>
            <math>
              <apply>
                <preserves-all-memory/>
              </apply>
            </math>
          </post>
        </postconditions>
      </function>
      <function name="handle_line">
        <parameters>
          <par name="line" nr="1"/>
          <par name="stdin_buf" nr="2"/>
        </parameters>
        <postconditions>
          <post>
            <math>
              <apply>
                <preserves-all-memory/>
              </apply>
            </math>
          </post>
        </postconditions>
      </function>
      <function name="strbuf_addch">
        <parameters>
          <par name="sb" nr="1"/>
          <par name="c" nr="2"/>
        </parameters>
        <postconditions>
          <post>
            <math>
              <apply>
                <preserves-all-memory/>
              </apply>
            </math>
          </post>
        </postconditions>
      </function>
      <function name="strbuf_avail">
        <parameters>
          <par name="sb" nr="1"/>
        </parameters>
        <postconditions>
          <post>
            <math>
              <apply>
                <preserves-all-memory/>
              </apply>
            </math>
          </post>
        </postconditions>
      </function>
      <function name="strtouint32">
        <parameters>
          <par name="s" nr="1"/>
        </parameters>
        <postconditions>
          <post>
            <math>
              <apply>
                <preserves-all-memory/>
              </apply>
            </math>
          </post>
        </postconditions>
      </function>
    </functions>
  </cfile>
</c-analysis>
