<?xml version="1.0" encoding="UTF-8"?>
<c-analysis>
  <header time="2018-12-19 17:26:17">
    <application file="t/helper/test-hashmap.c"/>
  </header>
  <cfile>
    <global-variables/>
    <functions>
      <function name="alloc_test_entry">
        <parameters>
          <par name="hash" nr="1"/>
          <par name="value" nr="3"/>
          <par name="key" nr="2"/>
        </parameters>
        <postconditions>
          <post>
            <math>
              <apply>
                <preserves-all-memory/>
              </apply>
            </math>
          </post>
          <post>
            <math>
              <apply>
                <not-null/>
                <return/>
              </apply>
            </math>
          </post>
        </postconditions>
      </function>
      <function name="cmd_main">
        <parameters>
          <par name="argv" nr="2"/>
          <par name="argc" nr="1"/>
        </parameters>
        <postconditions>
          <post>
            <math>
              <apply>
                <preserves-all-memory/>
              </apply>
            </math>
          </post>
        </postconditions>
      </function>
      <function name="get_value">
        <parameters>
          <par name="e" nr="1"/>
        </parameters>
        <postconditions>
          <post>
            <math>
              <apply>
                <preserves-all-memory/>
              </apply>
            </math>
          </post>
          <post>
            <math>
              <apply>
                <not-null/>
                <return/>
              </apply>
            </math>
          </post>
        </postconditions>
      </function>
      <function name="hash">
        <parameters>
          <par name="i" nr="2"/>
          <par name="method" nr="1"/>
          <par name="key" nr="3"/>
        </parameters>
        <postconditions>
          <post>
            <math>
              <apply>
                <preserves-all-memory/>
              </apply>
            </math>
          </post>
        </postconditions>
      </function>
      <function name="hashmap_entry_init">
        <parameters>
          <par name="hash" nr="2"/>
          <par name="entry" nr="1"/>
        </parameters>
        <postconditions>
          <post>
            <math>
              <apply>
                <preserves-all-memory/>
              </apply>
            </math>
          </post>
        </postconditions>
      </function>
      <function name="hashmap_get_from_hash">
        <parameters>
          <par name="map" nr="1"/>
          <par name="hash" nr="2"/>
          <par name="keydata" nr="3"/>
        </parameters>
        <postconditions>
          <post>
            <math>
              <apply>
                <preserves-all-memory/>
              </apply>
            </math>
          </post>
        </postconditions>
      </function>
      <function name="hashmap_get_size">
        <parameters>
          <par name="map" nr="1"/>
        </parameters>
        <postconditions>
          <post>
            <math>
              <apply>
                <preserves-all-memory/>
              </apply>
            </math>
          </post>
        </postconditions>
      </function>
      <function name="perf_hashmap">
        <parameters>
          <par name="rounds" nr="2"/>
          <par name="method" nr="1"/>
        </parameters>
        <postconditions>
          <post>
            <math>
              <apply>
                <preserves-all-memory/>
              </apply>
            </math>
          </post>
        </postconditions>
      </function>
      <function name="st_add">
        <parameters>
          <par name="b" nr="2"/>
          <par name="a" nr="1"/>
        </parameters>
        <postconditions>
          <post>
            <math>
              <apply>
                <preserves-all-memory/>
              </apply>
            </math>
          </post>
        </postconditions>
      </function>
      <function name="st_mult">
        <parameters>
          <par name="b" nr="2"/>
          <par name="a" nr="1"/>
        </parameters>
        <postconditions>
          <post>
            <math>
              <apply>
                <preserves-all-memory/>
              </apply>
            </math>
          </post>
        </postconditions>
      </function>
      <function name="strintern">
        <parameters>
          <par name="string" nr="1"/>
        </parameters>
        <postconditions>
          <post>
            <math>
              <apply>
                <preserves-all-memory/>
              </apply>
            </math>
          </post>
          <post>
            <math>
              <apply>
                <not-null/>
                <return/>
              </apply>
            </math>
          </post>
        </postconditions>
      </function>
      <function name="test_entry_cmp">
        <parameters>
          <par name="cmp_data" nr="1"/>
          <par name="keydata" nr="4"/>
          <par name="entry" nr="2"/>
          <par name="entry_or_key" nr="3"/>
        </parameters>
        <postconditions>
          <post>
            <math>
              <apply>
                <preserves-all-memory/>
              </apply>
            </math>
          </post>
        </postconditions>
      </function>
    </functions>
  </cfile>
</c-analysis>
