<?xml version="1.0" encoding="UTF-8"?>
<c-analysis>
  <header info="cfile" name="cfile" time="2018-06-11 11:44:08.966361"/>
  <cfile name="t/helper/test-run-command">
    <data-structures/>
    <functions>
      <function name="cmd_main">
        <parameters>
          <par name="argc" nr="1"/>
          <par name="argv" nr="2"/>
        </parameters>
        <postconditions>
          <post>
            <math>
              <apply>
                <preserves-all-memory/>
              </apply>
            </math>
          </post>
        </postconditions>
      </function>
      <function name="no_job">
        <parameters>
          <par name="cp" nr="1"/>
          <par name="err" nr="2"/>
          <par name="cb" nr="3"/>
          <par name="task_cb" nr="4"/>
        </parameters>
        <postconditions>
          <post>
            <math>
              <apply>
                <preserves-all-memory/>
              </apply>
            </math>
          </post>
        </postconditions>
      </function>
      <function name="parallel_next">
        <parameters>
          <par name="cp" nr="1"/>
          <par name="err" nr="2"/>
          <par name="cb" nr="3"/>
          <par name="task_cb" nr="4"/>
        </parameters>
        <postconditions>
          <post>
            <math>
              <apply>
                <preserves-all-memory/>
              </apply>
            </math>
          </post>
        </postconditions>
      </function>
      <function name="strbuf_addstr">
        <parameters>
          <par name="sb" nr="1"/>
          <par name="s" nr="2"/>
        </parameters>
        <postconditions>
          <post>
            <math>
              <apply>
                <preserves-all-memory/>
              </apply>
            </math>
          </post>
        </postconditions>
      </function>
      <function name="task_finished">
        <parameters>
          <par name="result" nr="1"/>
          <par name="err" nr="2"/>
          <par name="pp_cb" nr="3"/>
          <par name="pp_task_cb" nr="4"/>
        </parameters>
        <postconditions>
          <post>
            <math>
              <apply>
                <preserves-all-memory/>
              </apply>
            </math>
          </post>
        </postconditions>
      </function>
    </functions>
  </cfile>
</c-analysis>
