<?xml version="1.0" encoding="UTF-8"?>
<c-analysis>
  <header info="cfile" name="cfile" time="2018-06-11 11:44:08.734411"/>
  <cfile name="t/helper/test-dump-untracked-cache">
    <data-structures/>
    <functions>
      <function name="cmd_main">
        <parameters>
          <par name="ac" nr="1"/>
          <par name="av" nr="2"/>
        </parameters>
        <postconditions>
          <post>
            <math>
              <apply>
                <preserves-all-memory/>
              </apply>
            </math>
          </post>
        </postconditions>
      </function>
      <function name="compare_dir">
        <parameters>
          <par name="a_" nr="1"/>
          <par name="b_" nr="2"/>
        </parameters>
        <postconditions>
          <post>
            <math>
              <apply>
                <preserves-all-memory/>
              </apply>
            </math>
          </post>
        </postconditions>
      </function>
      <function name="compare_untracked">
        <parameters>
          <par name="a_" nr="1"/>
          <par name="b_" nr="2"/>
        </parameters>
        <postconditions>
          <post>
            <math>
              <apply>
                <preserves-all-memory/>
              </apply>
            </math>
          </post>
        </postconditions>
      </function>
      <function name="dump">
        <parameters>
          <par name="ucd" nr="1"/>
          <par name="base" nr="2"/>
        </parameters>
        <postconditions>
          <post>
            <math>
              <apply>
                <preserves-all-memory/>
              </apply>
            </math>
          </post>
        </postconditions>
      </function>
      <function name="sane_qsort">
        <parameters>
          <par name="base" nr="1"/>
          <par name="nmemb" nr="2"/>
          <par name="size" nr="3"/>
          <par name="compar" nr="4"/>
        </parameters>
        <postconditions>
          <post>
            <math>
              <apply>
                <preserves-all-memory/>
              </apply>
            </math>
          </post>
        </postconditions>
      </function>
      <function name="strbuf_setlen">
        <parameters>
          <par name="sb" nr="1"/>
          <par name="len" nr="2"/>
        </parameters>
        <postconditions>
          <post>
            <math>
              <apply>
                <preserves-all-memory/>
              </apply>
            </math>
          </post>
        </postconditions>
      </function>
    </functions>
  </cfile>
</c-analysis>
