<?xml version="1.0" encoding="UTF-8"?>
<c-analysis>
  <header time="2018-12-19 17:26:36">
    <application file="t/helper/test-lazy-init-name-hash.c"/>
  </header>
  <cfile>
    <global-variables/>
    <functions>
      <function name="analyze_run">
        <parameters/>
        <postconditions>
          <post>
            <math>
              <apply>
                <preserves-all-memory/>
              </apply>
            </math>
          </post>
        </postconditions>
      </function>
      <function name="cmd_main">
        <parameters>
          <par name="argv" nr="2"/>
          <par name="argc" nr="1"/>
        </parameters>
        <postconditions>
          <post>
            <math>
              <apply>
                <preserves-all-memory/>
              </apply>
            </math>
          </post>
        </postconditions>
      </function>
      <function name="dump_run">
        <parameters/>
        <postconditions>
          <post>
            <math>
              <apply>
                <preserves-all-memory/>
              </apply>
            </math>
          </post>
        </postconditions>
      </function>
      <function name="hashmap_iter_first">
        <parameters>
          <par name="iter" nr="2"/>
          <par name="map" nr="1"/>
        </parameters>
        <postconditions>
          <post>
            <math>
              <apply>
                <preserves-all-memory/>
              </apply>
            </math>
          </post>
          <post>
            <math>
              <apply>
                <not-null/>
                <return/>
              </apply>
            </math>
          </post>
        </postconditions>
      </function>
      <function name="time_runs">
        <parameters>
          <par name="try_threaded" nr="1"/>
        </parameters>
        <postconditions>
          <post>
            <math>
              <apply>
                <preserves-all-memory/>
              </apply>
            </math>
          </post>
        </postconditions>
      </function>
    </functions>
  </cfile>
</c-analysis>
