<?xml version="1.0" encoding="UTF-8"?>
<c-analysis>
  <header time="2018-12-19 17:28:28">
    <application file="t/helper/test-ref-store.c"/>
  </header>
  <cfile>
    <global-variables/>
    <functions>
      <function name="arg_flags">
        <parameters>
          <par name="arg" nr="1"/>
          <par name="name" nr="2"/>
        </parameters>
        <postconditions>
          <post>
            <math>
              <apply>
                <preserves-all-memory/>
              </apply>
            </math>
          </post>
        </postconditions>
      </function>
      <function name="cmd_create_reflog">
        <parameters>
          <par name="argv" nr="2"/>
          <par name="refs" nr="1"/>
        </parameters>
        <postconditions>
          <post>
            <math>
              <apply>
                <preserves-all-memory/>
              </apply>
            </math>
          </post>
        </postconditions>
      </function>
      <function name="cmd_create_symref">
        <parameters>
          <par name="argv" nr="2"/>
          <par name="refs" nr="1"/>
        </parameters>
        <postconditions>
          <post>
            <math>
              <apply>
                <preserves-all-memory/>
              </apply>
            </math>
          </post>
        </postconditions>
      </function>
      <function name="cmd_delete_ref">
        <parameters>
          <par name="argv" nr="2"/>
          <par name="refs" nr="1"/>
        </parameters>
        <postconditions>
          <post>
            <math>
              <apply>
                <preserves-all-memory/>
              </apply>
            </math>
          </post>
        </postconditions>
      </function>
      <function name="cmd_delete_reflog">
        <parameters>
          <par name="argv" nr="2"/>
          <par name="refs" nr="1"/>
        </parameters>
        <postconditions>
          <post>
            <math>
              <apply>
                <preserves-all-memory/>
              </apply>
            </math>
          </post>
        </postconditions>
      </function>
      <function name="cmd_delete_refs">
        <parameters>
          <par name="argv" nr="2"/>
          <par name="refs" nr="1"/>
        </parameters>
        <postconditions>
          <post>
            <math>
              <apply>
                <preserves-all-memory/>
              </apply>
            </math>
          </post>
        </postconditions>
      </function>
      <function name="cmd_for_each_ref">
        <parameters>
          <par name="argv" nr="2"/>
          <par name="refs" nr="1"/>
        </parameters>
        <postconditions>
          <post>
            <math>
              <apply>
                <preserves-all-memory/>
              </apply>
            </math>
          </post>
        </postconditions>
      </function>
      <function name="cmd_for_each_reflog">
        <parameters>
          <par name="argv" nr="2"/>
          <par name="refs" nr="1"/>
        </parameters>
        <postconditions>
          <post>
            <math>
              <apply>
                <preserves-all-memory/>
              </apply>
            </math>
          </post>
        </postconditions>
      </function>
      <function name="cmd_for_each_reflog_ent">
        <parameters>
          <par name="argv" nr="2"/>
          <par name="refs" nr="1"/>
        </parameters>
        <postconditions>
          <post>
            <math>
              <apply>
                <preserves-all-memory/>
              </apply>
            </math>
          </post>
        </postconditions>
      </function>
      <function name="cmd_for_each_reflog_ent_reverse">
        <parameters>
          <par name="argv" nr="2"/>
          <par name="refs" nr="1"/>
        </parameters>
        <postconditions>
          <post>
            <math>
              <apply>
                <preserves-all-memory/>
              </apply>
            </math>
          </post>
        </postconditions>
      </function>
      <function name="cmd_main">
        <parameters>
          <par name="argv" nr="2"/>
          <par name="argc" nr="1"/>
        </parameters>
        <postconditions>
          <post>
            <math>
              <apply>
                <preserves-all-memory/>
              </apply>
            </math>
          </post>
        </postconditions>
      </function>
      <function name="cmd_pack_refs">
        <parameters>
          <par name="argv" nr="2"/>
          <par name="refs" nr="1"/>
        </parameters>
        <postconditions>
          <post>
            <math>
              <apply>
                <preserves-all-memory/>
              </apply>
            </math>
          </post>
        </postconditions>
      </function>
      <function name="cmd_peel_ref">
        <parameters>
          <par name="argv" nr="2"/>
          <par name="refs" nr="1"/>
        </parameters>
        <postconditions>
          <post>
            <math>
              <apply>
                <preserves-all-memory/>
              </apply>
            </math>
          </post>
        </postconditions>
      </function>
      <function name="cmd_reflog_exists">
        <parameters>
          <par name="argv" nr="2"/>
          <par name="refs" nr="1"/>
        </parameters>
        <postconditions>
          <post>
            <math>
              <apply>
                <preserves-all-memory/>
              </apply>
            </math>
          </post>
        </postconditions>
      </function>
      <function name="cmd_reflog_expire">
        <parameters>
          <par name="argv" nr="2"/>
          <par name="refs" nr="1"/>
        </parameters>
        <postconditions>
          <post>
            <math>
              <apply>
                <preserves-all-memory/>
              </apply>
            </math>
          </post>
        </postconditions>
      </function>
      <function name="cmd_rename_ref">
        <parameters>
          <par name="argv" nr="2"/>
          <par name="refs" nr="1"/>
        </parameters>
        <postconditions>
          <post>
            <math>
              <apply>
                <preserves-all-memory/>
              </apply>
            </math>
          </post>
        </postconditions>
      </function>
      <function name="cmd_resolve_ref">
        <parameters>
          <par name="argv" nr="2"/>
          <par name="refs" nr="1"/>
        </parameters>
        <postconditions>
          <post>
            <math>
              <apply>
                <preserves-all-memory/>
              </apply>
            </math>
          </post>
        </postconditions>
      </function>
      <function name="cmd_update_ref">
        <parameters>
          <par name="argv" nr="2"/>
          <par name="refs" nr="1"/>
        </parameters>
        <postconditions>
          <post>
            <math>
              <apply>
                <preserves-all-memory/>
              </apply>
            </math>
          </post>
        </postconditions>
      </function>
      <function name="cmd_verify_ref">
        <parameters>
          <par name="argv" nr="2"/>
          <par name="refs" nr="1"/>
        </parameters>
        <postconditions>
          <post>
            <math>
              <apply>
                <preserves-all-memory/>
              </apply>
            </math>
          </post>
        </postconditions>
      </function>
      <function name="each_ref">
        <parameters>
          <par name="cb_data" nr="4"/>
          <par name="refname" nr="1"/>
          <par name="oid" nr="2"/>
          <par name="flags" nr="3"/>
        </parameters>
        <postconditions>
          <post>
            <math>
              <apply>
                <preserves-all-memory/>
              </apply>
            </math>
          </post>
        </postconditions>
      </function>
      <function name="each_reflog">
        <parameters>
          <par name="cb_data" nr="7"/>
          <par name="new_oid" nr="2"/>
          <par name="timestamp" nr="4"/>
          <par name="tz" nr="5"/>
          <par name="msg" nr="6"/>
          <par name="committer" nr="3"/>
          <par name="old_oid" nr="1"/>
        </parameters>
        <postconditions>
          <post>
            <math>
              <apply>
                <preserves-all-memory/>
              </apply>
            </math>
          </post>
        </postconditions>
      </function>
      <function name="get_store">
        <parameters>
          <par name="argv" nr="1"/>
          <par name="refs" nr="2"/>
        </parameters>
        <postconditions>
          <post>
            <math>
              <apply>
                <preserves-all-memory/>
              </apply>
            </math>
          </post>
          <post>
            <math>
              <apply>
                <not-null/>
                <return/>
              </apply>
            </math>
          </post>
          <post>
            <math>
              <apply>
                <initialized/>
                <apply>
                  <addressed-value/>
                  <return/>
                </apply>
              </apply>
            </math>
          </post>
        </postconditions>
      </function>
      <function name="notnull">
        <parameters>
          <par name="arg" nr="1"/>
          <par name="name" nr="2"/>
        </parameters>
        <postconditions>
          <post>
            <math>
              <apply>
                <preserves-all-memory/>
              </apply>
            </math>
          </post>
          <post>
            <math>
              <apply>
                <not-null/>
                <return/>
              </apply>
            </math>
          </post>
        </postconditions>
      </function>
      <function name="skip_prefix">
        <parameters>
          <par name="out" nr="3"/>
          <par name="str" nr="1"/>
          <par name="prefix" nr="2"/>
        </parameters>
        <postconditions>
          <post>
            <math>
              <apply>
                <preserves-all-memory/>
              </apply>
            </math>
          </post>
        </postconditions>
      </function>
    </functions>
  </cfile>
</c-analysis>
