<?xml version="1.0" encoding="UTF-8"?>
<c-analysis>
  <header time="2018-12-19 17:18:34">
    <application file="t/helper/test-date.c"/>
  </header>
  <cfile>
    <global-variables>
      <gvar name="usage_msg"/>
    </global-variables>
    <functions>
      <function name="cmd_main">
        <parameters>
          <par name="argv" nr="2"/>
          <par name="argc" nr="1"/>
        </parameters>
        <preconditions>
          <pre>
            <math>
              <apply>
                <valid-mem/>
                <ci>usage_msg</ci>
              </apply>
            </math>
          </pre>
        </preconditions>
        <postconditions>
          <post>
            <math>
              <apply>
                <preserves-all-memory/>
              </apply>
            </math>
          </post>
        </postconditions>
      </function>
      <function name="parse_approx_timestamp">
        <parameters>
          <par name="argv" nr="1"/>
          <par name="now" nr="2"/>
        </parameters>
        <postconditions>
          <post>
            <math>
              <apply>
                <preserves-all-memory/>
              </apply>
            </math>
          </post>
        </postconditions>
      </function>
      <function name="parse_approxidate">
        <parameters>
          <par name="argv" nr="1"/>
          <par name="now" nr="2"/>
        </parameters>
        <postconditions>
          <post>
            <math>
              <apply>
                <preserves-all-memory/>
              </apply>
            </math>
          </post>
        </postconditions>
      </function>
      <function name="parse_dates">
        <parameters>
          <par name="argv" nr="1"/>
          <par name="now" nr="2"/>
        </parameters>
        <postconditions>
          <post>
            <math>
              <apply>
                <preserves-all-memory/>
              </apply>
            </math>
          </post>
        </postconditions>
      </function>
      <function name="show_dates">
        <parameters>
          <par name="format" nr="2"/>
          <par name="argv" nr="1"/>
        </parameters>
        <postconditions>
          <post>
            <math>
              <apply>
                <preserves-all-memory/>
              </apply>
            </math>
          </post>
        </postconditions>
      </function>
      <function name="show_relative_dates">
        <parameters>
          <par name="argv" nr="1"/>
          <par name="now" nr="2"/>
        </parameters>
        <postconditions>
          <post>
            <math>
              <apply>
                <preserves-all-memory/>
              </apply>
            </math>
          </post>
        </postconditions>
      </function>
      <function name="skip_prefix">
        <parameters>
          <par name="out" nr="3"/>
          <par name="str" nr="1"/>
          <par name="prefix" nr="2"/>
        </parameters>
        <postconditions>
          <post>
            <math>
              <apply>
                <preserves-all-memory/>
              </apply>
            </math>
          </post>
        </postconditions>
      </function>
      <function name="strbuf_setlen">
        <parameters>
          <par name="len" nr="2"/>
          <par name="sb" nr="1"/>
        </parameters>
        <postconditions>
          <post>
            <math>
              <apply>
                <preserves-all-memory/>
              </apply>
            </math>
          </post>
        </postconditions>
      </function>
    </functions>
  </cfile>
</c-analysis>
