<?xml version="1.0" encoding="UTF-8"?>
<c-analysis>
  <header time="2018-12-19 17:18:20">
    <application file="t/helper/test-config.c"/>
  </header>
  <cfile>
    <global-variables>
      <gvar name="nr"/>
    </global-variables>
    <functions>
      <function name="cmd_main">
        <parameters>
          <par name="argv" nr="2"/>
          <par name="argc" nr="1"/>
        </parameters>
        <postconditions>
          <post>
            <math>
              <apply>
                <preserves-all-memory/>
              </apply>
            </math>
          </post>
        </postconditions>
      </function>
      <function name="early_config_cb">
        <parameters>
          <par name="vdata" nr="3"/>
          <par name="value" nr="2"/>
          <par name="var" nr="1"/>
        </parameters>
        <postconditions>
          <post>
            <math>
              <apply>
                <preserves-all-memory/>
              </apply>
            </math>
          </post>
        </postconditions>
      </function>
      <function name="iterate_cb">
        <parameters>
          <par name="value" nr="2"/>
          <par name="data" nr="3"/>
          <par name="var" nr="1"/>
        </parameters>
        <preconditions>
          <pre>
            <math>
              <apply>
                <leq/>
                <apply>
                  <plus/>
                  <ci>nr</ci>
                  <cn>1</cn>
                </apply>
                <cn>2147483647</cn>
              </apply>
            </math>
          </pre>
        </preconditions>
        <postconditions>
          <post>
            <math>
              <apply>
                <preserves-all-memory/>
              </apply>
            </math>
          </post>
        </postconditions>
      </function>
      <function name="scope_name">
        <parameters>
          <par name="scope" nr="1"/>
        </parameters>
        <postconditions>
          <post>
            <math>
              <apply>
                <preserves-all-memory/>
              </apply>
            </math>
          </post>
          <post>
            <math>
              <apply>
                <not-null/>
                <return/>
              </apply>
            </math>
          </post>
        </postconditions>
      </function>
    </functions>
  </cfile>
</c-analysis>
