<?xml version="1.0" encoding="UTF-8"?>
<c-analysis>
  <header info="cfile" name="cfile" time="2018-06-11 11:44:09.012682"/>
  <cfile name="t/helper/test-submodule-config">
    <data-structures/>
    <functions>
      <function name="cmd_main">
        <parameters>
          <par name="argc" nr="1"/>
          <par name="argv" nr="2"/>
        </parameters>
        <postconditions>
          <post>
            <math>
              <apply>
                <preserves-all-memory/>
              </apply>
            </math>
          </post>
        </postconditions>
      </function>
      <function name="die_usage">
        <parameters>
          <par name="argc" nr="1"/>
          <par name="argv" nr="2"/>
          <par name="msg" nr="3"/>
        </parameters>
        <postconditions>
          <post>
            <math>
              <apply>
                <preserves-all-memory/>
              </apply>
            </math>
          </post>
        </postconditions>
      </function>
      <function name="oidclr">
        <parameters>
          <par name="oid" nr="1"/>
        </parameters>
        <postconditions>
          <post>
            <math>
              <apply>
                <preserves-all-memory/>
              </apply>
            </math>
          </post>
        </postconditions>
      </function>
    </functions>
  </cfile>
</c-analysis>
