<?xml version="1.0" encoding="UTF-8"?>
<c-analysis>
  <header time="2018-12-19 17:19:10">
    <application file="t/helper/test-delta.c"/>
  </header>
  <cfile>
    <global-variables/>
    <functions>
      <function name="cmd_main">
        <parameters>
          <par name="argv" nr="2"/>
          <par name="argc" nr="1"/>
        </parameters>
        <postconditions>
          <post>
            <math>
              <apply>
                <preserves-all-memory/>
              </apply>
            </math>
          </post>
        </postconditions>
      </function>
      <function name="diff_delta">
        <parameters>
          <par name="delta_size" nr="5"/>
          <par name="trg_bufsize" nr="4"/>
          <par name="src_bufsize" nr="2"/>
          <par name="trg_buf" nr="3"/>
          <par name="src_buf" nr="1"/>
          <par name="max_delta_size" nr="6"/>
        </parameters>
        <postconditions>
          <post>
            <math>
              <apply>
                <preserves-all-memory/>
              </apply>
            </math>
          </post>
          <post>
            <math>
              <apply>
                <not-null/>
                <return/>
              </apply>
            </math>
          </post>
        </postconditions>
      </function>
    </functions>
  </cfile>
</c-analysis>
