<?xml version="1.0" encoding="UTF-8"?>
<c-analysis>
  <header info="cfile" name="cfile" time="2018-06-11 11:44:08.713161"/>
  <cfile name="t/helper/test-dump-cache-tree">
    <data-structures/>
    <functions>
      <function name="cmd_main">
        <parameters>
          <par name="ac" nr="1"/>
          <par name="av" nr="2"/>
        </parameters>
        <postconditions>
          <post>
            <math>
              <apply>
                <preserves-all-memory/>
              </apply>
            </math>
          </post>
        </postconditions>
      </function>
      <function name="dump_cache_tree">
        <parameters>
          <par name="it" nr="1"/>
          <par name="ref" nr="2"/>
          <par name="pfx" nr="3"/>
        </parameters>
        <postconditions>
          <post>
            <math>
              <apply>
                <preserves-all-memory/>
              </apply>
            </math>
          </post>
        </postconditions>
      </function>
      <function name="dump_one">
        <parameters>
          <par name="it" nr="1"/>
          <par name="pfx" nr="2"/>
          <par name="x" nr="3"/>
        </parameters>
        <postconditions>
          <post>
            <math>
              <apply>
                <preserves-all-memory/>
              </apply>
            </math>
          </post>
        </postconditions>
      </function>
      <function name="hashcmp">
        <parameters>
          <par name="sha1" nr="1"/>
          <par name="sha2" nr="2"/>
        </parameters>
        <postconditions>
          <post>
            <math>
              <apply>
                <preserves-all-memory/>
              </apply>
            </math>
          </post>
        </postconditions>
      </function>
      <function name="oidcmp">
        <parameters>
          <par name="oid1" nr="1"/>
          <par name="oid2" nr="2"/>
        </parameters>
        <postconditions>
          <post>
            <math>
              <apply>
                <preserves-all-memory/>
              </apply>
            </math>
          </post>
        </postconditions>
      </function>
    </functions>
  </cfile>
</c-analysis>
