<?xml version="1.0" encoding="UTF-8"?>
<c-analysis>
  <header info="cfile" name="cfile" time="2018-06-11 11:44:08.974798"/>
  <cfile name="t/helper/test-sha1">
    <data-structures/>
    <functions>
      <function name="cmd_main">
        <parameters>
          <par name="ac" nr="1"/>
          <par name="av" nr="2"/>
        </parameters>
        <postconditions>
          <post>
            <math>
              <apply>
                <preserves-all-memory/>
              </apply>
            </math>
          </post>
        </postconditions>
      </function>
    </functions>
  </cfile>
</c-analysis>
