<?xml version="1.0" encoding="UTF-8"?>
<c-analysis>
  <header info="cfile" name="cfile" time="2018-06-26 09:46:30.908317"/>
  <cfile name="src/lib-test/test-common">
    <data-structures/>
    <functions>
      <function name="test_assert_failed">
        <parameters>
          <par name="code" nr="1"/>
          <par name="file" nr="2"/>
          <par name="line" nr="3"/>
        </parameters>
        <postconditions>
          <post>
            <math>
              <apply>
                <preserves-all-memory/>
              </apply>
            </math>
          </post>
        </postconditions>
      </function>
      <function name="test_begin">
        <parameters>
          <par name="name" nr="1"/>
        </parameters>
        <postconditions>
          <post>
            <math>
              <apply>
                <preserves-all-memory/>
              </apply>
            </math>
          </post>
        </postconditions>
      </function>
      <function name="test_deinit">
        <parameters/>
        <postconditions>
          <post>
            <math>
              <apply>
                <preserves-all-memory/>
              </apply>
            </math>
          </post>
        </postconditions>
      </function>
      <function name="test_end">
        <parameters/>
        <postconditions>
          <post>
            <math>
              <apply>
                <preserves-all-memory/>
              </apply>
            </math>
          </post>
        </postconditions>
      </function>
      <function name="test_error_handler">
        <parameters>
          <par name="type" nr="1"/>
          <par name="format" nr="2"/>
          <par name="args" nr="3"/>
        </parameters>
        <postconditions>
          <post>
            <math>
              <apply>
                <preserves-all-memory/>
              </apply>
            </math>
          </post>
        </postconditions>
      </function>
      <function name="test_init">
        <parameters/>
        <postconditions>
          <post>
            <math>
              <apply>
                <preserves-all-memory/>
              </apply>
            </math>
          </post>
        </postconditions>
      </function>
      <function name="test_istream_create">
        <parameters>
          <par name="data" nr="1"/>
        </parameters>
        <postconditions>
          <post>
            <math>
              <apply>
                <preserves-all-memory/>
              </apply>
            </math>
          </post>
        </postconditions>
      </function>
      <function name="test_istream_create_data">
        <parameters>
          <par name="data" nr="1"/>
          <par name="size" nr="2"/>
        </parameters>
        <postconditions>
          <post>
            <math>
              <apply>
                <preserves-all-memory/>
              </apply>
            </math>
          </post>
        </postconditions>
      </function>
      <function name="test_istream_set_allow_eof">
        <parameters>
          <par name="input" nr="1"/>
          <par name="allow" nr="2"/>
        </parameters>
        <postconditions>
          <post>
            <math>
              <apply>
                <preserves-all-memory/>
              </apply>
            </math>
          </post>
        </postconditions>
      </function>
      <function name="test_istream_set_max_buffer_size">
        <parameters>
          <par name="input" nr="1"/>
          <par name="size" nr="2"/>
        </parameters>
        <postconditions>
          <post>
            <math>
              <apply>
                <preserves-all-memory/>
              </apply>
            </math>
          </post>
        </postconditions>
      </function>
      <function name="test_istream_set_size">
        <parameters>
          <par name="input" nr="1"/>
          <par name="size" nr="2"/>
        </parameters>
        <postconditions>
          <post>
            <math>
              <apply>
                <preserves-all-memory/>
              </apply>
            </math>
          </post>
        </postconditions>
      </function>
      <function name="test_out">
        <parameters>
          <par name="name" nr="1"/>
          <par name="success" nr="2"/>
        </parameters>
        <postconditions>
          <post>
            <math>
              <apply>
                <preserves-all-memory/>
              </apply>
            </math>
          </post>
        </postconditions>
      </function>
      <function name="test_out_reason">
        <parameters>
          <par name="name" nr="1"/>
          <par name="success" nr="2"/>
          <par name="reason" nr="3"/>
        </parameters>
        <postconditions>
          <post>
            <math>
              <apply>
                <preserves-all-memory/>
              </apply>
            </math>
          </post>
        </postconditions>
      </function>
      <function name="test_read">
        <parameters>
          <par name="stream" nr="1"/>
        </parameters>
        <postconditions>
          <post>
            <math>
              <apply>
                <preserves-all-memory/>
              </apply>
            </math>
          </post>
        </postconditions>
      </function>
      <function name="test_run">
        <parameters>
          <par name="test_functions" nr="1"/>
        </parameters>
        <postconditions>
          <post>
            <math>
              <apply>
                <preserves-all-memory/>
              </apply>
            </math>
          </post>
        </postconditions>
      </function>
      <function name="test_run_funcs">
        <parameters>
          <par name="test_functions" nr="1"/>
        </parameters>
        <postconditions>
          <post>
            <math>
              <apply>
                <preserves-all-memory/>
              </apply>
            </math>
          </post>
        </postconditions>
      </function>
      <function name="test_seek">
        <parameters>
          <par name="stream" nr="1"/>
          <par name="v_offset" nr="2"/>
          <par name="mark" nr="3"/>
        </parameters>
        <postconditions>
          <post>
            <math>
              <apply>
                <preserves-all-memory/>
              </apply>
            </math>
          </post>
        </postconditions>
      </function>
    </functions>
  </cfile>
</c-analysis>
