<?xml version="1.0" encoding="UTF-8"?>
<c-analysis>
  <header info="cfile" name="cfile" time="2018-06-26 09:46:23.998045"/>
  <cfile name="src/lib-index/test-mail-transaction-log-view">
    <data-structures/>
    <functions>
      <function name="add_append_record">
        <parameters>
          <par name="file" nr="1"/>
          <par name="rec" nr="2"/>
        </parameters>
        <postconditions>
          <post>
            <math>
              <apply>
                <preserves-all-memory/>
              </apply>
            </math>
          </post>
        </postconditions>
      </function>
      <function name="array_get_i">
        <parameters>
          <par name="array" nr="1"/>
          <par name="count_r" nr="2"/>
        </parameters>
        <postconditions>
          <post>
            <math>
              <apply>
                <preserves-all-memory/>
              </apply>
            </math>
          </post>
        </postconditions>
      </function>
      <function name="mail_transaction_log_file_get_highest_modseq_at">
        <parameters>
          <par name="file" nr="1"/>
          <par name="offset" nr="2"/>
          <par name="highest_modseq_r" nr="3"/>
        </parameters>
        <postconditions>
          <post>
            <math>
              <apply>
                <preserves-all-memory/>
              </apply>
            </math>
          </post>
        </postconditions>
      </function>
      <function name="mail_transaction_log_file_map">
        <parameters>
          <par name="file" nr="1"/>
          <par name="start_offset" nr="2"/>
          <par name="end_offset" nr="3"/>
        </parameters>
        <postconditions>
          <post>
            <math>
              <apply>
                <preserves-all-memory/>
              </apply>
            </math>
          </post>
        </postconditions>
      </function>
      <function name="mail_transaction_log_file_set_corrupted">
        <parameters>
          <par name="file" nr="1"/>
          <par name="fmt" nr="2"/>
        </parameters>
        <postconditions>
          <post>
            <math>
              <apply>
                <preserves-all-memory/>
              </apply>
            </math>
          </post>
        </postconditions>
      </function>
      <function name="mail_transaction_log_find_file">
        <parameters>
          <par name="log___0" nr="1"/>
          <par name="file_seq" nr="2"/>
          <par name="nfs_flush" nr="3"/>
          <par name="file_r" nr="4"/>
        </parameters>
        <postconditions>
          <post>
            <math>
              <apply>
                <preserves-all-memory/>
              </apply>
            </math>
          </post>
        </postconditions>
      </function>
      <function name="mail_transaction_logs_clean">
        <parameters>
          <par name="log___0" nr="1"/>
        </parameters>
        <postconditions>
          <post>
            <math>
              <apply>
                <preserves-all-memory/>
              </apply>
            </math>
          </post>
        </postconditions>
      </function>
      <function name="mail_transaction_update_modseq">
        <parameters>
          <par name="hdr" nr="1"/>
          <par name="data" nr="2"/>
          <par name="cur_modseq" nr="3"/>
        </parameters>
        <postconditions>
          <post>
            <math>
              <apply>
                <preserves-all-memory/>
              </apply>
            </math>
          </post>
        </postconditions>
      </function>
      <function name="main">
        <parameters/>
        <postconditions>
          <post>
            <math>
              <apply>
                <preserves-all-memory/>
              </apply>
            </math>
          </post>
        </postconditions>
      </function>
      <function name="test_mail_transaction_log_view">
        <parameters/>
        <postconditions>
          <post>
            <math>
              <apply>
                <preserves-all-memory/>
              </apply>
            </math>
          </post>
        </postconditions>
      </function>
      <function name="test_transaction_log_file_add">
        <parameters>
          <par name="file_seq" nr="1"/>
        </parameters>
        <postconditions>
          <post>
            <math>
              <apply>
                <preserves-all-memory/>
              </apply>
            </math>
          </post>
        </postconditions>
      </function>
      <function name="view_is_file_refed">
        <parameters>
          <par name="file_seq" nr="1"/>
        </parameters>
        <postconditions>
          <post>
            <math>
              <apply>
                <preserves-all-memory/>
              </apply>
            </math>
          </post>
        </postconditions>
      </function>
    </functions>
  </cfile>
</c-analysis>
