<?xml version="1.0" encoding="UTF-8"?>
<c-analysis>
  <header info="cfile" name="cfile" time="2018-06-26 09:46:30.811278"/>
  <cfile name="src/lib-storage/test-mail-storage">
    <data-structures/>
    <functions>
      <function name="array_create_from_buffer_i">
        <parameters>
          <par name="array" nr="1"/>
          <par name="buffer" nr="2"/>
          <par name="element_size" nr="3"/>
        </parameters>
        <postconditions>
          <post>
            <math>
              <apply>
                <preserves-all-memory/>
              </apply>
            </math>
          </post>
        </postconditions>
      </function>
      <function name="array_create_i">
        <parameters>
          <par name="array" nr="1"/>
          <par name="pool" nr="2"/>
          <par name="element_size" nr="3"/>
          <par name="init_count" nr="4"/>
        </parameters>
        <postconditions>
          <post>
            <math>
              <apply>
                <preserves-all-memory/>
              </apply>
            </math>
          </post>
        </postconditions>
      </function>
      <function name="test_mail_storage_create">
        <parameters/>
        <postconditions>
          <post>
            <math>
              <apply>
                <preserves-all-memory/>
              </apply>
            </math>
          </post>
        </postconditions>
      </function>
      <function name="test_storage_alloc">
        <parameters/>
        <postconditions>
          <post>
            <math>
              <apply>
                <preserves-all-memory/>
              </apply>
            </math>
          </post>
        </postconditions>
      </function>
      <function name="test_storage_get_list_settings">
        <parameters>
          <par name="ns" nr="1"/>
          <par name="set" nr="2"/>
        </parameters>
        <postconditions>
          <post>
            <math>
              <apply>
                <preserves-all-memory/>
              </apply>
            </math>
          </post>
        </postconditions>
      </function>
    </functions>
  </cfile>
</c-analysis>
