<?xml version="1.0" encoding="UTF-8"?>
<c-analysis>
  <header info="cfile" name="cfile" time="2018-06-26 09:46:30.876144"/>
  <cfile name="src/lib-storage/test-mailbox">
    <data-structures/>
    <functions>
      <function name="array_append_array_i">
        <parameters>
          <par name="dest_array" nr="1"/>
          <par name="src_array" nr="2"/>
        </parameters>
        <postconditions>
          <post>
            <math>
              <apply>
                <preserves-all-memory/>
              </apply>
            </math>
          </post>
        </postconditions>
      </function>
      <function name="array_create_from_buffer_i">
        <parameters>
          <par name="array" nr="1"/>
          <par name="buffer" nr="2"/>
          <par name="element_size" nr="3"/>
        </parameters>
        <postconditions>
          <post>
            <math>
              <apply>
                <preserves-all-memory/>
              </apply>
            </math>
          </post>
        </postconditions>
      </function>
      <function name="array_create_i">
        <parameters>
          <par name="array" nr="1"/>
          <par name="pool" nr="2"/>
          <par name="element_size" nr="3"/>
          <par name="init_count" nr="4"/>
        </parameters>
        <postconditions>
          <post>
            <math>
              <apply>
                <preserves-all-memory/>
              </apply>
            </math>
          </post>
        </postconditions>
      </function>
      <function name="array_free_i">
        <parameters>
          <par name="array" nr="1"/>
        </parameters>
        <postconditions>
          <post>
            <math>
              <apply>
                <preserves-all-memory/>
              </apply>
            </math>
          </post>
        </postconditions>
      </function>
      <function name="test_mailbox_alloc">
        <parameters>
          <par name="storage" nr="1"/>
          <par name="list" nr="2"/>
          <par name="name" nr="3"/>
          <par name="flags" nr="4"/>
        </parameters>
        <postconditions>
          <post>
            <math>
              <apply>
                <preserves-all-memory/>
              </apply>
            </math>
          </post>
        </postconditions>
      </function>
      <function name="test_mailbox_allow_new_keywords">
        <parameters>
          <par name="box" nr="1"/>
        </parameters>
        <postconditions>
          <post>
            <math>
              <apply>
                <preserves-all-memory/>
              </apply>
            </math>
          </post>
        </postconditions>
      </function>
      <function name="test_mailbox_close">
        <parameters>
          <par name="box" nr="1"/>
        </parameters>
        <postconditions>
          <post>
            <math>
              <apply>
                <preserves-all-memory/>
              </apply>
            </math>
          </post>
        </postconditions>
      </function>
      <function name="test_mailbox_copy">
        <parameters>
          <par name="ctx" nr="1"/>
          <par name="mail" nr="2"/>
        </parameters>
        <postconditions>
          <post>
            <math>
              <apply>
                <preserves-all-memory/>
              </apply>
            </math>
          </post>
        </postconditions>
      </function>
      <function name="test_mailbox_create">
        <parameters>
          <par name="box" nr="1"/>
          <par name="update" nr="2"/>
          <par name="directory" nr="3"/>
        </parameters>
        <postconditions>
          <post>
            <math>
              <apply>
                <preserves-all-memory/>
              </apply>
            </math>
          </post>
        </postconditions>
      </function>
      <function name="test_mailbox_delete">
        <parameters>
          <par name="box" nr="1"/>
        </parameters>
        <postconditions>
          <post>
            <math>
              <apply>
                <preserves-all-memory/>
              </apply>
            </math>
          </post>
        </postconditions>
      </function>
      <function name="test_mailbox_enable">
        <parameters>
          <par name="box" nr="1"/>
          <par name="features" nr="2"/>
        </parameters>
        <postconditions>
          <post>
            <math>
              <apply>
                <preserves-all-memory/>
              </apply>
            </math>
          </post>
        </postconditions>
      </function>
      <function name="test_mailbox_get_expunged_uids">
        <parameters>
          <par name="box" nr="1"/>
          <par name="prev_modseq" nr="2"/>
          <par name="uids_filter" nr="3"/>
          <par name="expunges" nr="4"/>
        </parameters>
        <postconditions>
          <post>
            <math>
              <apply>
                <preserves-all-memory/>
              </apply>
            </math>
          </post>
        </postconditions>
      </function>
      <function name="test_mailbox_get_seq_range">
        <parameters>
          <par name="box" nr="1"/>
          <par name="uid1" nr="2"/>
          <par name="uid2" nr="3"/>
          <par name="seq1_r" nr="4"/>
          <par name="seq2_r" nr="5"/>
        </parameters>
        <postconditions>
          <post>
            <math>
              <apply>
                <preserves-all-memory/>
              </apply>
            </math>
          </post>
        </postconditions>
      </function>
      <function name="test_mailbox_get_status">
        <parameters>
          <par name="box" nr="1"/>
          <par name="items" nr="2"/>
          <par name="status_r" nr="3"/>
        </parameters>
        <postconditions>
          <post>
            <math>
              <apply>
                <preserves-all-memory/>
              </apply>
            </math>
          </post>
        </postconditions>
      </function>
      <function name="test_mailbox_get_uid_range">
        <parameters>
          <par name="box" nr="1"/>
          <par name="seqs" nr="2"/>
          <par name="uids" nr="3"/>
        </parameters>
        <postconditions>
          <post>
            <math>
              <apply>
                <preserves-all-memory/>
              </apply>
            </math>
          </post>
        </postconditions>
      </function>
      <function name="test_mailbox_header_lookup_deinit">
        <parameters>
          <par name="ctx" nr="1"/>
        </parameters>
        <postconditions>
          <post>
            <math>
              <apply>
                <preserves-all-memory/>
              </apply>
            </math>
          </post>
        </postconditions>
      </function>
      <function name="test_mailbox_header_lookup_init">
        <parameters>
          <par name="box" nr="1"/>
          <par name="headers" nr="2"/>
        </parameters>
        <postconditions>
          <post>
            <math>
              <apply>
                <preserves-all-memory/>
              </apply>
            </math>
          </post>
        </postconditions>
      </function>
      <function name="test_mailbox_is_inconsistent">
        <parameters>
          <par name="box" nr="1"/>
        </parameters>
        <postconditions>
          <post>
            <math>
              <apply>
                <preserves-all-memory/>
              </apply>
            </math>
          </post>
        </postconditions>
      </function>
      <function name="test_mailbox_is_readonly">
        <parameters>
          <par name="box" nr="1"/>
        </parameters>
        <postconditions>
          <post>
            <math>
              <apply>
                <preserves-all-memory/>
              </apply>
            </math>
          </post>
        </postconditions>
      </function>
      <function name="test_mailbox_keyword_is_valid">
        <parameters>
          <par name="box" nr="1"/>
          <par name="keyword" nr="2"/>
          <par name="error_r" nr="3"/>
        </parameters>
        <postconditions>
          <post>
            <math>
              <apply>
                <preserves-all-memory/>
              </apply>
            </math>
          </post>
        </postconditions>
      </function>
      <function name="test_mailbox_keywords_create">
        <parameters>
          <par name="box" nr="1"/>
          <par name="keywords" nr="2"/>
          <par name="keywords_r" nr="3"/>
          <par name="skip_invalid" nr="4"/>
        </parameters>
        <postconditions>
          <post>
            <math>
              <apply>
                <preserves-all-memory/>
              </apply>
            </math>
          </post>
        </postconditions>
      </function>
      <function name="test_mailbox_keywords_create_from_indexes">
        <parameters>
          <par name="box" nr="1"/>
          <par name="idx" nr="2"/>
        </parameters>
        <postconditions>
          <post>
            <math>
              <apply>
                <preserves-all-memory/>
              </apply>
            </math>
          </post>
        </postconditions>
      </function>
      <function name="test_mailbox_keywords_ref">
        <parameters>
          <par name="keywords" nr="1"/>
        </parameters>
        <postconditions>
          <post>
            <math>
              <apply>
                <preserves-all-memory/>
              </apply>
            </math>
          </post>
        </postconditions>
      </function>
      <function name="test_mailbox_keywords_unref">
        <parameters>
          <par name="keywords" nr="1"/>
        </parameters>
        <postconditions>
          <post>
            <math>
              <apply>
                <preserves-all-memory/>
              </apply>
            </math>
          </post>
        </postconditions>
      </function>
      <function name="test_mailbox_notify_changes">
        <parameters>
          <par name="box" nr="1"/>
        </parameters>
        <postconditions>
          <post>
            <math>
              <apply>
                <preserves-all-memory/>
              </apply>
            </math>
          </post>
        </postconditions>
      </function>
      <function name="test_mailbox_open">
        <parameters>
          <par name="box" nr="1"/>
        </parameters>
        <postconditions>
          <post>
            <math>
              <apply>
                <preserves-all-memory/>
              </apply>
            </math>
          </post>
        </postconditions>
      </function>
      <function name="test_mailbox_rename">
        <parameters>
          <par name="src" nr="1"/>
          <par name="dest" nr="2"/>
          <par name="rename_children" nr="3"/>
        </parameters>
        <postconditions>
          <post>
            <math>
              <apply>
                <preserves-all-memory/>
              </apply>
            </math>
          </post>
        </postconditions>
      </function>
      <function name="test_mailbox_save_alloc">
        <parameters>
          <par name="t" nr="1"/>
        </parameters>
        <postconditions>
          <post>
            <math>
              <apply>
                <preserves-all-memory/>
              </apply>
            </math>
          </post>
        </postconditions>
      </function>
      <function name="test_mailbox_save_begin">
        <parameters>
          <par name="ctx" nr="1"/>
          <par name="input" nr="2"/>
        </parameters>
        <postconditions>
          <post>
            <math>
              <apply>
                <preserves-all-memory/>
              </apply>
            </math>
          </post>
        </postconditions>
      </function>
      <function name="test_mailbox_save_cancel">
        <parameters>
          <par name="ctx" nr="1"/>
        </parameters>
        <postconditions>
          <post>
            <math>
              <apply>
                <preserves-all-memory/>
              </apply>
            </math>
          </post>
        </postconditions>
      </function>
      <function name="test_mailbox_save_continue">
        <parameters>
          <par name="ctx" nr="1"/>
        </parameters>
        <postconditions>
          <post>
            <math>
              <apply>
                <preserves-all-memory/>
              </apply>
            </math>
          </post>
        </postconditions>
      </function>
      <function name="test_mailbox_save_finish">
        <parameters>
          <par name="ctx" nr="1"/>
        </parameters>
        <postconditions>
          <post>
            <math>
              <apply>
                <preserves-all-memory/>
              </apply>
            </math>
          </post>
        </postconditions>
      </function>
      <function name="test_mailbox_search_deinit">
        <parameters>
          <par name="ctx" nr="1"/>
        </parameters>
        <postconditions>
          <post>
            <math>
              <apply>
                <preserves-all-memory/>
              </apply>
            </math>
          </post>
        </postconditions>
      </function>
      <function name="test_mailbox_search_init">
        <parameters>
          <par name="t" nr="1"/>
          <par name="args" nr="2"/>
          <par name="sort_program" nr="3"/>
        </parameters>
        <postconditions>
          <post>
            <math>
              <apply>
                <preserves-all-memory/>
              </apply>
            </math>
          </post>
        </postconditions>
      </function>
      <function name="test_mailbox_search_next_nonblock">
        <parameters>
          <par name="ctx" nr="1"/>
          <par name="mail" nr="2"/>
          <par name="tryagain_r" nr="3"/>
        </parameters>
        <postconditions>
          <post>
            <math>
              <apply>
                <preserves-all-memory/>
              </apply>
            </math>
          </post>
        </postconditions>
      </function>
      <function name="test_mailbox_search_next_update_seq">
        <parameters>
          <par name="ctx" nr="1"/>
        </parameters>
        <postconditions>
          <post>
            <math>
              <apply>
                <preserves-all-memory/>
              </apply>
            </math>
          </post>
        </postconditions>
      </function>
      <function name="test_mailbox_sync_deinit">
        <parameters>
          <par name="ctx" nr="1"/>
          <par name="status_r" nr="2"/>
        </parameters>
        <postconditions>
          <post>
            <math>
              <apply>
                <preserves-all-memory/>
              </apply>
            </math>
          </post>
        </postconditions>
      </function>
      <function name="test_mailbox_sync_init">
        <parameters>
          <par name="box" nr="1"/>
          <par name="flags" nr="2"/>
        </parameters>
        <postconditions>
          <post>
            <math>
              <apply>
                <preserves-all-memory/>
              </apply>
            </math>
          </post>
        </postconditions>
      </function>
      <function name="test_mailbox_sync_next">
        <parameters>
          <par name="ctx" nr="1"/>
          <par name="sync_rec_r" nr="2"/>
        </parameters>
        <postconditions>
          <post>
            <math>
              <apply>
                <preserves-all-memory/>
              </apply>
            </math>
          </post>
        </postconditions>
      </function>
      <function name="test_mailbox_transaction_begin">
        <parameters>
          <par name="box" nr="1"/>
          <par name="flags" nr="2"/>
        </parameters>
        <postconditions>
          <post>
            <math>
              <apply>
                <preserves-all-memory/>
              </apply>
            </math>
          </post>
        </postconditions>
      </function>
      <function name="test_mailbox_transaction_commit">
        <parameters>
          <par name="t" nr="1"/>
          <par name="changes_r" nr="2"/>
        </parameters>
        <postconditions>
          <post>
            <math>
              <apply>
                <preserves-all-memory/>
              </apply>
            </math>
          </post>
        </postconditions>
      </function>
      <function name="test_mailbox_transaction_rollback">
        <parameters>
          <par name="t" nr="1"/>
        </parameters>
        <postconditions>
          <post>
            <math>
              <apply>
                <preserves-all-memory/>
              </apply>
            </math>
          </post>
        </postconditions>
      </function>
      <function name="test_mailbox_transaction_set_max_modseq">
        <parameters>
          <par name="t" nr="1"/>
          <par name="max_modseq" nr="2"/>
          <par name="seqs" nr="3"/>
        </parameters>
        <postconditions>
          <post>
            <math>
              <apply>
                <preserves-all-memory/>
              </apply>
            </math>
          </post>
        </postconditions>
      </function>
      <function name="test_mailbox_update">
        <parameters>
          <par name="box" nr="1"/>
          <par name="update" nr="2"/>
        </parameters>
        <postconditions>
          <post>
            <math>
              <apply>
                <preserves-all-memory/>
              </apply>
            </math>
          </post>
        </postconditions>
      </function>
    </functions>
  </cfile>
</c-analysis>
