<?xml version="1.0" encoding="UTF-8"?>
<c-analysis>
  <header info="cfile" name="cfile" time="2018-06-26 09:46:29.134002"/>
  <cfile name="src/lib-storage/index/test-index-fetch">
    <data-structures/>
    <functions>
      <function name="array_clear_i">
        <parameters>
          <par name="array" nr="1"/>
        </parameters>
        <postconditions>
          <post>
            <math>
              <apply>
                <preserves-all-memory/>
              </apply>
            </math>
          </post>
        </postconditions>
      </function>
      <function name="array_create_from_buffer_i">
        <parameters>
          <par name="array" nr="1"/>
          <par name="buffer" nr="2"/>
          <par name="element_size" nr="3"/>
        </parameters>
        <postconditions>
          <post>
            <math>
              <apply>
                <preserves-all-memory/>
              </apply>
            </math>
          </post>
        </postconditions>
      </function>
      <function name="array_create_i">
        <parameters>
          <par name="array" nr="1"/>
          <par name="pool" nr="2"/>
          <par name="element_size" nr="3"/>
          <par name="init_count" nr="4"/>
        </parameters>
        <postconditions>
          <post>
            <math>
              <apply>
                <preserves-all-memory/>
              </apply>
            </math>
          </post>
        </postconditions>
      </function>
      <function name="array_get_i">
        <parameters>
          <par name="array" nr="1"/>
          <par name="count_r" nr="2"/>
        </parameters>
        <postconditions>
          <post>
            <math>
              <apply>
                <preserves-all-memory/>
              </apply>
            </math>
          </post>
        </postconditions>
      </function>
      <function name="mail_index_lookup_seq_range">
        <parameters>
          <par name="view" nr="1"/>
          <par name="first_uid" nr="2"/>
          <par name="last_uid" nr="3"/>
          <par name="first_seq_r" nr="4"/>
          <par name="last_seq_r" nr="5"/>
        </parameters>
        <postconditions>
          <post>
            <math>
              <apply>
                <preserves-all-memory/>
              </apply>
            </math>
          </post>
        </postconditions>
      </function>
      <function name="mail_index_lookup_uid">
        <parameters>
          <par name="view" nr="1"/>
          <par name="seq" nr="2"/>
          <par name="uid_r" nr="3"/>
        </parameters>
        <postconditions>
          <post>
            <math>
              <apply>
                <preserves-all-memory/>
              </apply>
            </math>
          </post>
        </postconditions>
      </function>
      <function name="mail_index_modseq_get_next_log_offset">
        <parameters>
          <par name="view" nr="1"/>
          <par name="modseq" nr="2"/>
          <par name="log_seq_r" nr="3"/>
          <par name="log_offset_r" nr="4"/>
        </parameters>
        <postconditions>
          <post>
            <math>
              <apply>
                <preserves-all-memory/>
              </apply>
            </math>
          </post>
        </postconditions>
      </function>
      <function name="mail_transaction_log_get_tail">
        <parameters>
          <par name="log" nr="1"/>
          <par name="file_seq_r" nr="2"/>
        </parameters>
        <postconditions>
          <post>
            <math>
              <apply>
                <preserves-all-memory/>
              </apply>
            </math>
          </post>
        </postconditions>
      </function>
      <function name="mail_transaction_log_view_close">
        <parameters>
          <par name="view" nr="1"/>
        </parameters>
        <postconditions>
          <post>
            <math>
              <apply>
                <preserves-all-memory/>
              </apply>
            </math>
          </post>
        </postconditions>
      </function>
      <function name="mail_transaction_log_view_next">
        <parameters>
          <par name="view" nr="1"/>
          <par name="hdr_r" nr="2"/>
          <par name="data_r" nr="3"/>
        </parameters>
        <postconditions>
          <post>
            <math>
              <apply>
                <preserves-all-memory/>
              </apply>
            </math>
          </post>
        </postconditions>
      </function>
      <function name="mail_transaction_log_view_open">
        <parameters>
          <par name="log" nr="1"/>
        </parameters>
        <postconditions>
          <post>
            <math>
              <apply>
                <preserves-all-memory/>
              </apply>
            </math>
          </post>
        </postconditions>
      </function>
      <function name="mail_transaction_log_view_set">
        <parameters>
          <par name="view" nr="1"/>
          <par name="min_file_seq" nr="2"/>
          <par name="min_file_offset" nr="3"/>
          <par name="max_file_seq" nr="4"/>
          <par name="max_file_offset" nr="5"/>
          <par name="reset_r" nr="6"/>
        </parameters>
        <postconditions>
          <post>
            <math>
              <apply>
                <preserves-all-memory/>
              </apply>
            </math>
          </post>
        </postconditions>
      </function>
      <function name="main">
        <parameters/>
        <postconditions>
          <post>
            <math>
              <apply>
                <preserves-all-memory/>
              </apply>
            </math>
          </post>
        </postconditions>
      </function>
      <function name="test_index_storage_get_expunges">
        <parameters/>
        <postconditions>
          <post>
            <math>
              <apply>
                <preserves-all-memory/>
              </apply>
            </math>
          </post>
        </postconditions>
      </function>
    </functions>
  </cfile>
</c-analysis>
