<?xml version="1.0" encoding="UTF-8"?>
<c-analysis>
  <header info="cfile" name="cfile" time="2018-06-26 09:46:17.523185"/>
  <cfile name="src/dsync/test-dsync-brain">
    <data-structures/>
    <functions>
      <function name="array_append_array_i">
        <parameters>
          <par name="dest_array" nr="1"/>
          <par name="src_array" nr="2"/>
        </parameters>
        <postconditions>
          <post>
            <math>
              <apply>
                <preserves-all-memory/>
              </apply>
            </math>
          </post>
        </postconditions>
      </function>
      <function name="array_count_i">
        <parameters>
          <par name="array" nr="1"/>
        </parameters>
        <postconditions>
          <post>
            <math>
              <apply>
                <preserves-all-memory/>
              </apply>
            </math>
          </post>
        </postconditions>
      </function>
      <function name="array_create_from_buffer_i">
        <parameters>
          <par name="array" nr="1"/>
          <par name="buffer" nr="2"/>
          <par name="element_size" nr="3"/>
        </parameters>
        <postconditions>
          <post>
            <math>
              <apply>
                <preserves-all-memory/>
              </apply>
            </math>
          </post>
        </postconditions>
      </function>
      <function name="array_create_i">
        <parameters>
          <par name="array" nr="1"/>
          <par name="pool" nr="2"/>
          <par name="element_size" nr="3"/>
          <par name="init_count" nr="4"/>
        </parameters>
        <postconditions>
          <post>
            <math>
              <apply>
                <preserves-all-memory/>
              </apply>
            </math>
          </post>
        </postconditions>
      </function>
      <function name="array_free_i">
        <parameters>
          <par name="array" nr="1"/>
        </parameters>
        <postconditions>
          <post>
            <math>
              <apply>
                <preserves-all-memory/>
              </apply>
            </math>
          </post>
        </postconditions>
      </function>
      <function name="array_get_i">
        <parameters>
          <par name="array" nr="1"/>
          <par name="count_r" nr="2"/>
        </parameters>
        <postconditions>
          <post>
            <math>
              <apply>
                <preserves-all-memory/>
              </apply>
            </math>
          </post>
        </postconditions>
      </function>
      <function name="dsync_brain_mailbox_name_cmp">
        <parameters>
          <par name="box1" nr="1"/>
          <par name="box2" nr="2"/>
        </parameters>
        <postconditions>
          <post>
            <math>
              <apply>
                <preserves-all-memory/>
              </apply>
            </math>
          </post>
        </postconditions>
      </function>
      <function name="dsync_brain_msg_sync_deinit">
        <parameters>
          <par name="_sync" nr="1"/>
        </parameters>
        <postconditions>
          <post>
            <math>
              <apply>
                <preserves-all-memory/>
              </apply>
            </math>
          </post>
        </postconditions>
      </function>
      <function name="dsync_brain_msg_sync_init">
        <parameters>
          <par name="brain" nr="1"/>
          <par name="mailboxes" nr="2"/>
        </parameters>
        <postconditions>
          <post>
            <math>
              <apply>
                <preserves-all-memory/>
              </apply>
            </math>
          </post>
        </postconditions>
      </function>
      <function name="dsync_brain_msg_sync_more">
        <parameters>
          <par name="sync___0" nr="1"/>
        </parameters>
        <postconditions>
          <post>
            <math>
              <apply>
                <preserves-all-memory/>
              </apply>
            </math>
          </post>
        </postconditions>
      </function>
      <function name="dsync_brain_msg_sync_resolve_uid_conflicts">
        <parameters>
          <par name="sync___0" nr="1"/>
        </parameters>
        <postconditions>
          <post>
            <math>
              <apply>
                <preserves-all-memory/>
              </apply>
            </math>
          </post>
        </postconditions>
      </function>
      <function name="mailboxes_send_to_worker">
        <parameters>
          <par name="test_worker" nr="1"/>
          <par name="boxes" nr="2"/>
        </parameters>
        <postconditions>
          <post>
            <math>
              <apply>
                <preserves-all-memory/>
              </apply>
            </math>
          </post>
        </postconditions>
      </function>
      <function name="mailboxes_set_guids">
        <parameters>
          <par name="boxes" nr="1"/>
        </parameters>
        <postconditions>
          <post>
            <math>
              <apply>
                <preserves-all-memory/>
              </apply>
            </math>
          </post>
        </postconditions>
      </function>
      <function name="main">
        <parameters/>
        <postconditions>
          <post>
            <math>
              <apply>
                <preserves-all-memory/>
              </apply>
            </math>
          </post>
        </postconditions>
      </function>
      <function name="master_service_stop">
        <parameters>
          <par name="master_service___0" nr="1"/>
        </parameters>
        <postconditions>
          <post>
            <math>
              <apply>
                <preserves-all-memory/>
              </apply>
            </math>
          </post>
        </postconditions>
      </function>
      <function name="subscriptions_send_to_worker">
        <parameters>
          <par name="test_worker" nr="1"/>
        </parameters>
        <postconditions>
          <post>
            <math>
              <apply>
                <preserves-all-memory/>
              </apply>
            </math>
          </post>
        </postconditions>
      </function>
      <function name="test_dsync_brain">
        <parameters/>
        <postconditions>
          <post>
            <math>
              <apply>
                <preserves-all-memory/>
              </apply>
            </math>
          </post>
        </postconditions>
      </function>
      <function name="test_dsync_brain_full">
        <parameters/>
        <postconditions>
          <post>
            <math>
              <apply>
                <preserves-all-memory/>
              </apply>
            </math>
          </post>
        </postconditions>
      </function>
      <function name="test_dsync_mailbox_create_equals">
        <parameters>
          <par name="cbox" nr="1"/>
          <par name="obox" nr="2"/>
        </parameters>
        <postconditions>
          <post>
            <math>
              <apply>
                <preserves-all-memory/>
              </apply>
            </math>
          </post>
        </postconditions>
      </function>
      <function name="test_dsync_mailbox_delete_equals">
        <parameters>
          <par name="dbox" nr="1"/>
          <par name="obox" nr="2"/>
        </parameters>
        <postconditions>
          <post>
            <math>
              <apply>
                <preserves-all-memory/>
              </apply>
            </math>
          </post>
        </postconditions>
      </function>
      <function name="test_dsync_mailbox_update">
        <parameters>
          <par name="bbox" nr="1"/>
          <par name="box" nr="2"/>
        </parameters>
        <postconditions>
          <post>
            <math>
              <apply>
                <preserves-all-memory/>
              </apply>
            </math>
          </post>
        </postconditions>
      </function>
    </functions>
  </cfile>
</c-analysis>
