<?xml version="1.0" encoding="UTF-8"?>
<c-analysis>
  <header info="cfile" name="cfile" time="2018-06-26 09:46:17.785414"/>
  <cfile name="src/dsync/test-dsync-worker">
    <data-structures/>
    <functions>
      <function name="array_append_i">
        <parameters>
          <par name="array" nr="1"/>
          <par name="data" nr="2"/>
          <par name="count" nr="3"/>
        </parameters>
        <postconditions>
          <post>
            <math>
              <apply>
                <preserves-all-memory/>
              </apply>
            </math>
          </post>
        </postconditions>
      </function>
      <function name="array_append_space_i">
        <parameters>
          <par name="array" nr="1"/>
        </parameters>
        <postconditions>
          <post>
            <math>
              <apply>
                <preserves-all-memory/>
              </apply>
            </math>
          </post>
        </postconditions>
      </function>
      <function name="array_count_i">
        <parameters>
          <par name="array" nr="1"/>
        </parameters>
        <postconditions>
          <post>
            <math>
              <apply>
                <preserves-all-memory/>
              </apply>
            </math>
          </post>
        </postconditions>
      </function>
      <function name="array_create_from_buffer_i">
        <parameters>
          <par name="array" nr="1"/>
          <par name="buffer" nr="2"/>
          <par name="element_size" nr="3"/>
        </parameters>
        <postconditions>
          <post>
            <math>
              <apply>
                <preserves-all-memory/>
              </apply>
            </math>
          </post>
        </postconditions>
      </function>
      <function name="array_create_i">
        <parameters>
          <par name="array" nr="1"/>
          <par name="pool" nr="2"/>
          <par name="element_size" nr="3"/>
          <par name="init_count" nr="4"/>
        </parameters>
        <postconditions>
          <post>
            <math>
              <apply>
                <preserves-all-memory/>
              </apply>
            </math>
          </post>
        </postconditions>
      </function>
      <function name="array_delete_i">
        <parameters>
          <par name="array" nr="1"/>
          <par name="idx" nr="2"/>
          <par name="count" nr="3"/>
        </parameters>
        <postconditions>
          <post>
            <math>
              <apply>
                <preserves-all-memory/>
              </apply>
            </math>
          </post>
        </postconditions>
      </function>
      <function name="array_free_i">
        <parameters>
          <par name="array" nr="1"/>
        </parameters>
        <postconditions>
          <post>
            <math>
              <apply>
                <preserves-all-memory/>
              </apply>
            </math>
          </post>
        </postconditions>
      </function>
      <function name="array_get_i">
        <parameters>
          <par name="array" nr="1"/>
          <par name="count_r" nr="2"/>
        </parameters>
        <postconditions>
          <post>
            <math>
              <apply>
                <preserves-all-memory/>
              </apply>
            </math>
          </post>
        </postconditions>
      </function>
      <function name="array_idx_i">
        <parameters>
          <par name="array" nr="1"/>
          <par name="idx" nr="2"/>
        </parameters>
        <postconditions>
          <post>
            <math>
              <apply>
                <preserves-all-memory/>
              </apply>
            </math>
          </post>
        </postconditions>
      </function>
      <function name="dsync_worker_init_test">
        <parameters/>
        <postconditions>
          <post>
            <math>
              <apply>
                <preserves-all-memory/>
              </apply>
            </math>
          </post>
        </postconditions>
      </function>
      <function name="test_dsync_worker_next_box_event">
        <parameters>
          <par name="worker" nr="1"/>
          <par name="event_r" nr="2"/>
        </parameters>
        <postconditions>
          <post>
            <math>
              <apply>
                <preserves-all-memory/>
              </apply>
            </math>
          </post>
        </postconditions>
      </function>
      <function name="test_dsync_worker_next_msg_event">
        <parameters>
          <par name="worker" nr="1"/>
          <par name="event_r" nr="2"/>
        </parameters>
        <postconditions>
          <post>
            <math>
              <apply>
                <preserves-all-memory/>
              </apply>
            </math>
          </post>
        </postconditions>
      </function>
      <function name="test_worker_create_mailbox">
        <parameters>
          <par name="_worker" nr="1"/>
          <par name="dsync_box" nr="2"/>
        </parameters>
        <postconditions>
          <post>
            <math>
              <apply>
                <preserves-all-memory/>
              </apply>
            </math>
          </post>
        </postconditions>
      </function>
      <function name="test_worker_deinit">
        <parameters>
          <par name="_worker" nr="1"/>
        </parameters>
        <postconditions>
          <post>
            <math>
              <apply>
                <preserves-all-memory/>
              </apply>
            </math>
          </post>
        </postconditions>
      </function>
      <function name="test_worker_delete_dir">
        <parameters>
          <par name="_worker" nr="1"/>
          <par name="dsync_box" nr="2"/>
        </parameters>
        <postconditions>
          <post>
            <math>
              <apply>
                <preserves-all-memory/>
              </apply>
            </math>
          </post>
        </postconditions>
      </function>
      <function name="test_worker_delete_mailbox">
        <parameters>
          <par name="_worker" nr="1"/>
          <par name="dsync_box" nr="2"/>
        </parameters>
        <postconditions>
          <post>
            <math>
              <apply>
                <preserves-all-memory/>
              </apply>
            </math>
          </post>
        </postconditions>
      </function>
      <function name="test_worker_finish">
        <parameters>
          <par name="_worker" nr="1"/>
          <par name="callback" nr="2"/>
          <par name="context" nr="3"/>
        </parameters>
        <postconditions>
          <post>
            <math>
              <apply>
                <preserves-all-memory/>
              </apply>
            </math>
          </post>
        </postconditions>
      </function>
      <function name="test_worker_is_output_full">
        <parameters>
          <par name="worker" nr="1"/>
        </parameters>
        <postconditions>
          <post>
            <math>
              <apply>
                <preserves-all-memory/>
              </apply>
            </math>
          </post>
        </postconditions>
      </function>
      <function name="test_worker_mailbox_iter_deinit">
        <parameters>
          <par name="iter" nr="1"/>
        </parameters>
        <postconditions>
          <post>
            <math>
              <apply>
                <preserves-all-memory/>
              </apply>
            </math>
          </post>
        </postconditions>
      </function>
      <function name="test_worker_mailbox_iter_init">
        <parameters>
          <par name="_worker" nr="1"/>
        </parameters>
        <postconditions>
          <post>
            <math>
              <apply>
                <preserves-all-memory/>
              </apply>
            </math>
          </post>
        </postconditions>
      </function>
      <function name="test_worker_mailbox_iter_next">
        <parameters>
          <par name="_iter" nr="1"/>
          <par name="dsync_box_r" nr="2"/>
        </parameters>
        <postconditions>
          <post>
            <math>
              <apply>
                <preserves-all-memory/>
              </apply>
            </math>
          </post>
        </postconditions>
      </function>
      <function name="test_worker_msg_copy">
        <parameters>
          <par name="_worker" nr="1"/>
          <par name="src_mailbox" nr="2"/>
          <par name="src_uid" nr="3"/>
          <par name="dest_msg" nr="4"/>
          <par name="callback" nr="5"/>
          <par name="context" nr="6"/>
        </parameters>
        <postconditions>
          <post>
            <math>
              <apply>
                <preserves-all-memory/>
              </apply>
            </math>
          </post>
        </postconditions>
      </function>
      <function name="test_worker_msg_expunge">
        <parameters>
          <par name="_worker" nr="1"/>
          <par name="uid" nr="2"/>
        </parameters>
        <postconditions>
          <post>
            <math>
              <apply>
                <preserves-all-memory/>
              </apply>
            </math>
          </post>
        </postconditions>
      </function>
      <function name="test_worker_msg_get">
        <parameters>
          <par name="_worker" nr="1"/>
          <par name="mailbox" nr="2"/>
          <par name="uid" nr="3"/>
          <par name="callback" nr="4"/>
          <par name="context" nr="5"/>
        </parameters>
        <postconditions>
          <post>
            <math>
              <apply>
                <preserves-all-memory/>
              </apply>
            </math>
          </post>
        </postconditions>
      </function>
      <function name="test_worker_msg_iter_deinit">
        <parameters>
          <par name="iter" nr="1"/>
        </parameters>
        <postconditions>
          <post>
            <math>
              <apply>
                <preserves-all-memory/>
              </apply>
            </math>
          </post>
        </postconditions>
      </function>
      <function name="test_worker_msg_iter_init">
        <parameters>
          <par name="_worker" nr="1"/>
          <par name="mailboxes" nr="2"/>
          <par name="mailbox_count" nr="3"/>
        </parameters>
        <postconditions>
          <post>
            <math>
              <apply>
                <preserves-all-memory/>
              </apply>
            </math>
          </post>
        </postconditions>
      </function>
      <function name="test_worker_msg_iter_next">
        <parameters>
          <par name="_iter" nr="1"/>
          <par name="mailbox_idx_r" nr="2"/>
          <par name="msg_r" nr="3"/>
        </parameters>
        <postconditions>
          <post>
            <math>
              <apply>
                <preserves-all-memory/>
              </apply>
            </math>
          </post>
        </postconditions>
      </function>
      <function name="test_worker_msg_save">
        <parameters>
          <par name="_worker" nr="1"/>
          <par name="msg" nr="2"/>
          <par name="data" nr="3"/>
        </parameters>
        <postconditions>
          <post>
            <math>
              <apply>
                <preserves-all-memory/>
              </apply>
            </math>
          </post>
        </postconditions>
      </function>
      <function name="test_worker_msg_save_cancel">
        <parameters>
          <par name="_worker" nr="1"/>
        </parameters>
        <postconditions>
          <post>
            <math>
              <apply>
                <preserves-all-memory/>
              </apply>
            </math>
          </post>
        </postconditions>
      </function>
      <function name="test_worker_msg_update_metadata">
        <parameters>
          <par name="_worker" nr="1"/>
          <par name="msg" nr="2"/>
        </parameters>
        <postconditions>
          <post>
            <math>
              <apply>
                <preserves-all-memory/>
              </apply>
            </math>
          </post>
        </postconditions>
      </function>
      <function name="test_worker_msg_update_uid">
        <parameters>
          <par name="_worker" nr="1"/>
          <par name="old_uid" nr="2"/>
          <par name="new_uid" nr="3"/>
        </parameters>
        <postconditions>
          <post>
            <math>
              <apply>
                <preserves-all-memory/>
              </apply>
            </math>
          </post>
        </postconditions>
      </function>
      <function name="test_worker_output_flush">
        <parameters>
          <par name="worker" nr="1"/>
        </parameters>
        <postconditions>
          <post>
            <math>
              <apply>
                <preserves-all-memory/>
              </apply>
            </math>
          </post>
        </postconditions>
      </function>
      <function name="test_worker_rename_mailbox">
        <parameters>
          <par name="_worker" nr="1"/>
          <par name="mailbox" nr="2"/>
          <par name="dsync_box" nr="3"/>
        </parameters>
        <postconditions>
          <post>
            <math>
              <apply>
                <preserves-all-memory/>
              </apply>
            </math>
          </post>
        </postconditions>
      </function>
      <function name="test_worker_select_mailbox">
        <parameters>
          <par name="_worker" nr="1"/>
          <par name="mailbox" nr="2"/>
          <par name="cache_fields" nr="3"/>
        </parameters>
        <postconditions>
          <post>
            <math>
              <apply>
                <preserves-all-memory/>
              </apply>
            </math>
          </post>
        </postconditions>
      </function>
      <function name="test_worker_set_last_box">
        <parameters>
          <par name="_worker" nr="1"/>
          <par name="dsync_box" nr="2"/>
          <par name="type" nr="3"/>
        </parameters>
        <postconditions>
          <post>
            <math>
              <apply>
                <preserves-all-memory/>
              </apply>
            </math>
          </post>
        </postconditions>
      </function>
      <function name="test_worker_set_last_msg">
        <parameters>
          <par name="worker" nr="1"/>
          <par name="msg" nr="2"/>
          <par name="type" nr="3"/>
        </parameters>
        <postconditions>
          <post>
            <math>
              <apply>
                <preserves-all-memory/>
              </apply>
            </math>
          </post>
        </postconditions>
      </function>
      <function name="test_worker_set_subscribed">
        <parameters>
          <par name="_worker" nr="1"/>
          <par name="name" nr="2"/>
          <par name="last_change" nr="3"/>
          <par name="set" nr="4"/>
        </parameters>
        <postconditions>
          <post>
            <math>
              <apply>
                <preserves-all-memory/>
              </apply>
            </math>
          </post>
        </postconditions>
      </function>
      <function name="test_worker_subs_iter_deinit">
        <parameters>
          <par name="iter" nr="1"/>
        </parameters>
        <postconditions>
          <post>
            <math>
              <apply>
                <preserves-all-memory/>
              </apply>
            </math>
          </post>
        </postconditions>
      </function>
      <function name="test_worker_subs_iter_init">
        <parameters>
          <par name="_worker" nr="1"/>
        </parameters>
        <postconditions>
          <post>
            <math>
              <apply>
                <preserves-all-memory/>
              </apply>
            </math>
          </post>
        </postconditions>
      </function>
      <function name="test_worker_subs_iter_next">
        <parameters>
          <par name="_iter" nr="1"/>
          <par name="rec_r" nr="2"/>
        </parameters>
        <postconditions>
          <post>
            <math>
              <apply>
                <preserves-all-memory/>
              </apply>
            </math>
          </post>
        </postconditions>
      </function>
      <function name="test_worker_subs_iter_next_un">
        <parameters>
          <par name="_iter" nr="1"/>
          <par name="rec_r" nr="2"/>
        </parameters>
        <postconditions>
          <post>
            <math>
              <apply>
                <preserves-all-memory/>
              </apply>
            </math>
          </post>
        </postconditions>
      </function>
      <function name="test_worker_update_mailbox">
        <parameters>
          <par name="_worker" nr="1"/>
          <par name="dsync_box" nr="2"/>
        </parameters>
        <postconditions>
          <post>
            <math>
              <apply>
                <preserves-all-memory/>
              </apply>
            </math>
          </post>
        </postconditions>
      </function>
    </functions>
  </cfile>
</c-analysis>
